# JRE version: OpenJDK Runtime Environment (8.0_152-b06) (build 1.8.0_152-release-1136-b06)
# Java VM: OpenJDK 64-Bit Server VM (25.152-b06 mixed mode linux-amd64 compressed oops)
Heap:
 PSYoungGen      total 281600K, used 12284K [0x00000000e0000000, 0x00000000f2000000, 0x0000000100000000)
  eden space 269312K, 0% used [0x00000000e0000000,0x00000000e0000000,0x00000000f0700000)
  from space 12288K, 99% used [0x00000000f0800000,0x00000000f13ff380,0x00000000f1400000)
  to   space 7680K, 0% used [0x00000000f1880000,0x00000000f1880000,0x00000000f2000000)
 ParOldGen       total 50176K, used 32940K [0x00000000a0000000, 0x00000000a3100000, 0x00000000e0000000)
  object space 50176K, 65% used [0x00000000a0000000,0x00000000a202b1a0,0x00000000a3100000)
 Metaspace       used 57614K, capacity 58977K, committed 59028K, reserved 1099776K
  class space    used 7472K, capacity 7893K, committed 7936K, reserved 1048576K
GC Heap History (10 events):
Event: 33.405 GC heap after
Heap after GC invocations=12 (full 1):
 PSYoungGen      total 139776K, used 9555K [0x00000000e0000000, 0x00000000ed580000, 0x0000000100000000)
  eden space 127488K, 0% used [0x00000000e0000000,0x00000000e0000000,0x00000000e7c80000)
  from space 12288K, 77% used [0x00000000e7c80000,0x00000000e85d4f00,0x00000000e8880000)
  to   space 12800K, 0% used [0x00000000ec900000,0x00000000ec900000,0x00000000ed580000)
 ParOldGen       total 35840K, used 13035K [0x00000000a0000000, 0x00000000a2300000, 0x00000000e0000000)
  object space 35840K, 36% used [0x00000000a0000000,0x00000000a0cbaf78,0x00000000a2300000)
 Metaspace       used 34426K, capacity 35206K, committed 35416K, reserved 1079296K
  class space    used 4717K, capacity 4990K, committed 4992K, reserved 1048576K
}
Event: 33.405 GC heap before
{Heap before GC invocations=13 (full 2):
 PSYoungGen      total 139776K, used 9555K [0x00000000e0000000, 0x00000000ed580000, 0x0000000100000000)
  eden space 127488K, 0% used [0x00000000e0000000,0x00000000e0000000,0x00000000e7c80000)
  from space 12288K, 77% used [0x00000000e7c80000,0x00000000e85d4f00,0x00000000e8880000)
  to   space 12800K, 0% used [0x00000000ec900000,0x00000000ec900000,0x00000000ed580000)
 ParOldGen       total 35840K, used 13035K [0x00000000a0000000, 0x00000000a2300000, 0x00000000e0000000)
  object space 35840K, 36% used [0x00000000a0000000,0x00000000a0cbaf78,0x00000000a2300000)
 Metaspace       used 34426K, capacity 35206K, committed 35416K, reserved 1079296K
  class space    used 4717K, capacity 4990K, committed 4992K, reserved 1048576K
Event: 33.707 GC heap after
Heap after GC invocations=13 (full 2):
 PSYoungGen      total 139776K, used 0K [0x00000000e0000000, 0x00000000ed580000, 0x0000000100000000)
  eden space 127488K, 0% used [0x00000000e0000000,0x00000000e0000000,0x00000000e7c80000)
  from space 12288K, 0% used [0x00000000e7c80000,0x00000000e7c80000,0x00000000e8880000)
  to   space 12800K, 0% used [0x00000000ec900000,0x00000000ec900000,0x00000000ed580000)
 ParOldGen       total 50176K, used 18962K [0x00000000a0000000, 0x00000000a3100000, 0x00000000e0000000)
  object space 50176K, 37% used [0x00000000a0000000,0x00000000a1284aa8,0x00000000a3100000)
 Metaspace       used 34360K, capacity 35056K, committed 35416K, reserved 1079296K
  class space    used 4699K, capacity 4940K, committed 4992K, reserved 1048576K
}
Event: 80.623 GC heap before
{Heap before GC invocations=14 (full 2):
 PSYoungGen      total 139776K, used 127488K [0x00000000e0000000, 0x00000000ed580000, 0x0000000100000000)
  eden space 127488K, 100% used [0x00000000e0000000,0x00000000e7c80000,0x00000000e7c80000)
  from space 12288K, 0% used [0x00000000e7c80000,0x00000000e7c80000,0x00000000e8880000)
  to   space 12800K, 0% used [0x00000000ec900000,0x00000000ec900000,0x00000000ed580000)
 ParOldGen       total 50176K, used 18962K [0x00000000a0000000, 0x00000000a3100000, 0x00000000e0000000)
  object space 50176K, 37% used [0x00000000a0000000,0x00000000a1284aa8,0x00000000a3100000)
 Metaspace       used 40379K, capacity 41160K, committed 41688K, reserved 1085440K
  class space    used 5268K, capacity 5533K, committed 5632K, reserved 1048576K
Event: 80.638 GC heap after
Heap after GC invocations=14 (full 2):
 PSYoungGen      total 196608K, used 6813K [0x00000000e0000000, 0x00000000ed080000, 0x0000000100000000)
  eden space 188928K, 0% used [0x00000000e0000000,0x00000000e0000000,0x00000000eb880000)
  from space 7680K, 88% used [0x00000000ec900000,0x00000000ecfa76a8,0x00000000ed080000)
  to   space 12288K, 0% used [0x00000000eb880000,0x00000000eb880000,0x00000000ec480000)
 ParOldGen       total 50176K, used 19042K [0x00000000a0000000, 0x00000000a3100000, 0x00000000e0000000)
  object space 50176K, 37% used [0x00000000a0000000,0x00000000a1298ab8,0x00000000a3100000)
 Metaspace       used 40379K, capacity 41160K, committed 41688K, reserved 1085440K
  class space    used 5268K, capacity 5533K, committed 5632K, reserved 1048576K
}
Event: 106.914 GC heap before
{Heap before GC invocations=15 (full 2):
 PSYoungGen      total 196608K, used 195741K [0x00000000e0000000, 0x00000000ed080000, 0x0000000100000000)
  eden space 188928K, 100% used [0x00000000e0000000,0x00000000eb880000,0x00000000eb880000)
  from space 7680K, 88% used [0x00000000ec900000,0x00000000ecfa76a8,0x00000000ed080000)
  to   space 12288K, 0% used [0x00000000eb880000,0x00000000eb880000,0x00000000ec480000)
 ParOldGen       total 50176K, used 19042K [0x00000000a0000000, 0x00000000a3100000, 0x00000000e0000000)
  object space 50176K, 37% used [0x00000000a0000000,0x00000000a1298ab8,0x00000000a3100000)
 Metaspace       used 40855K, capacity 41640K, committed 41944K, reserved 1085440K
  class space    used 5294K, capacity 5565K, committed 5632K, reserved 1048576K
Event: 107.052 GC heap after
Heap after GC invocations=15 (full 2):
 PSYoungGen      total 201216K, used 2434K [0x00000000e0000000, 0x00000000f2480000, 0x0000000100000000)
  eden space 188928K, 0% used [0x00000000e0000000,0x00000000e0000000,0x00000000eb880000)
  from space 12288K, 19% used [0x00000000eb880000,0x00000000ebae08c0,0x00000000ec480000)
  to   space 12288K, 0% used [0x00000000f1880000,0x00000000f1880000,0x00000000f2480000)
 ParOldGen       total 50176K, used 23612K [0x00000000a0000000, 0x00000000a3100000, 0x00000000e0000000)
  object space 50176K, 47% used [0x00000000a0000000,0x00000000a170f1f0,0x00000000a3100000)
 Metaspace       used 40855K, capacity 41640K, committed 41944K, reserved 1085440K
  class space    used 5294K, capacity 5565K, committed 5632K, reserved 1048576K
}
Event: 117.623 GC heap before
{Heap before GC invocations=16 (full 2):
 PSYoungGen      total 201216K, used 191362K [0x00000000e0000000, 0x00000000f2480000, 0x0000000100000000)
  eden space 188928K, 100% used [0x00000000e0000000,0x00000000eb880000,0x00000000eb880000)
  from space 12288K, 19% used [0x00000000eb880000,0x00000000ebae08c0,0x00000000ec480000)
  to   space 12288K, 0% used [0x00000000f1880000,0x00000000f1880000,0x00000000f2480000)
 ParOldGen       total 50176K, used 23612K [0x00000000a0000000, 0x00000000a3100000, 0x00000000e0000000)
  object space 50176K, 47% used [0x00000000a0000000,0x00000000a170f1f0,0x00000000a3100000)
 Metaspace       used 46932K, capacity 47914K, committed 48344K, reserved 1091584K
  class space    used 6054K, capacity 6357K, committed 6400K, reserved 1048576K
Event: 117.655 GC heap after
Heap after GC invocations=16 (full 2):
 PSYoungGen      total 276992K, used 7248K [0x00000000e0000000, 0x00000000f2000000, 0x0000000100000000)
  eden space 269312K, 0% used [0x00000000e0000000,0x00000000e0000000,0x00000000f0700000)
  from space 7680K, 94% used [0x00000000f1880000,0x00000000f1f94270,0x00000000f2000000)
  to   space 12288K, 0% used [0x00000000f0800000,0x00000000f0800000,0x00000000f1400000)
 ParOldGen       total 50176K, used 24326K [0x00000000a0000000, 0x00000000a3100000, 0x00000000e0000000)
  object space 50176K, 48% used [0x00000000a0000000,0x00000000a17c1898,0x00000000a3100000)
 Metaspace       used 46932K, capacity 47914K, committed 48344K, reserved 1091584K
  class space    used 6054K, capacity 6357K, committed 6400K, reserved 1048576K
}
Event: 130.776 GC heap before
{Heap before GC invocations=17 (full 2):
 PSYoungGen      total 276992K, used 177120K [0x00000000e0000000, 0x00000000f2000000, 0x0000000100000000)
  eden space 269312K, 63% used [0x00000000e0000000,0x00000000ea5e4008,0x00000000f0700000)
  from space 7680K, 94% used [0x00000000f1880000,0x00000000f1f94270,0x00000000f2000000)
  to   space 12288K, 0% used [0x00000000f0800000,0x00000000f0800000,0x00000000f1400000)
 ParOldGen       total 50176K, used 24326K [0x00000000a0000000, 0x00000000a3100000, 0x00000000e0000000)
  object space 50176K, 48% used [0x00000000a0000000,0x00000000a17c1898,0x00000000a3100000)
 Metaspace       used 57614K, capacity 58977K, committed 59028K, reserved 1099776K
  class space    used 7472K, capacity 7893K, committed 7936K, reserved 1048576K

